<?xml version="1.0" encoding="UTF-8"?>
<!-- Generated by org.testng.reporters.JUnitReportReporter -->
<testsuite skipped="0" hostname="MTNB626" name="seleniumtest.SeleniumPageObjectTest" tests="2" failures="0" timestamp="2020-06-29T11:09:47 ICT" time="9.486" errors="0">
  <testcase name="validateMitraisHomeTitle" time="5.028" classname="seleniumtest.SeleniumPageObjectTest"/>
  <testcase name="validateNavigateToAbout" time="4.458" classname="seleniumtest.SeleniumPageObjectTest"/>
</testsuite> <!-- seleniumtest.SeleniumPageObjectTest -->
